c:\users\s191067\desktop\repositories\pacman\trunk\project2d\grid.h(9): warning C4099: 'Node': type name first seen using 'struct' now seen using 'class'
c:\users\s191067\desktop\repositories\pacman\trunk\project2d\application2d.cpp(87): warning C4244: 'argument': conversion from 'double' to 'float', possible loss of data
c:\users\s191067\desktop\repositories\pacman\trunk\project2d\grid.h(9): warning C4099: 'Node': type name first seen using 'struct' now seen using 'class'
c:\users\s191067\desktop\repositories\pacman\trunk\project2d\grid.h(9): warning C4099: 'Node': type name first seen using 'struct' now seen using 'class'
c:\users\s191067\desktop\repositories\pacman\trunk\project2d\grid.h(9): warning C4099: 'Node': type name first seen using 'struct' now seen using 'class'
c:\users\s191067\desktop\repositories\pacman\trunk\project2d\gameobject.cpp(179): warning C4244: '=': conversion from 'int' to 'float', possible loss of data
c:\users\s191067\desktop\repositories\pacman\trunk\project2d\grid.h(9): warning C4099: 'Node': type name first seen using 'struct' now seen using 'class'
c:\users\s191067\desktop\repositories\pacman\trunk\project2d\ghost.cpp(46): warning C4244: 'argument': conversion from 'time_t' to 'unsigned int', possible loss of data
c:\users\s191067\desktop\repositories\pacman\trunk\project2d\ghost.cpp(85): warning C4244: 'initializing': conversion from 'float' to 'int', possible loss of data
c:\users\s191067\desktop\repositories\pacman\trunk\project2d\ghost.cpp(86): warning C4244: '=': conversion from 'int' to 'float', possible loss of data
c:\users\s191067\desktop\repositories\pacman\trunk\project2d\ghost.cpp(87): warning C4244: 'initializing': conversion from 'float' to 'int', possible loss of data
c:\users\s191067\desktop\repositories\pacman\trunk\project2d\ghost.cpp(88): warning C4244: '=': conversion from 'int' to 'float', possible loss of data
c:\users\s191067\desktop\repositories\pacman\trunk\project2d\ghost.cpp(133): warning C4244: 'argument': conversion from 'int' to 'const float', possible loss of data
c:\users\s191067\desktop\repositories\pacman\trunk\project2d\grid.h(9): warning C4099: 'Node': type name first seen using 'struct' now seen using 'class'
c:\users\s191067\desktop\repositories\pacman\trunk\project2d\grid.cpp(31): warning C4244: '=': conversion from 'int' to 'float', possible loss of data
c:\users\s191067\desktop\repositories\pacman\trunk\project2d\grid.cpp(32): warning C4244: '=': conversion from 'int' to 'float', possible loss of data
c:\users\s191067\desktop\repositories\pacman\trunk\project2d\grid.cpp(231): warning C4244: 'initializing': conversion from 'float' to 'int', possible loss of data
c:\users\s191067\desktop\repositories\pacman\trunk\project2d\grid.cpp(232): warning C4244: 'initializing': conversion from 'float' to 'int', possible loss of data
c:\users\s191067\desktop\repositories\pacman\trunk\project2d\grid.h(9): warning C4099: 'Node': type name first seen using 'struct' now seen using 'class'
c:\users\s191067\desktop\repositories\pacman\trunk\project2d\level.cpp(23): warning C4244: 'argument': conversion from 'int' to 'const float', possible loss of data
c:\users\s191067\desktop\repositories\pacman\trunk\project2d\level.cpp(24): warning C4244: 'argument': conversion from 'int' to 'const float', possible loss of data
c:\users\s191067\desktop\repositories\pacman\trunk\project2d\level.cpp(32): warning C4244: 'argument': conversion from 'int' to 'const float', possible loss of data
c:\users\s191067\desktop\repositories\pacman\trunk\project2d\level.cpp(41): warning C4244: 'argument': conversion from 'int' to 'const float', possible loss of data
c:\users\s191067\desktop\repositories\pacman\trunk\project2d\level.cpp(48): warning C4244: 'argument': conversion from 'int' to 'const float', possible loss of data
c:\users\s191067\desktop\repositories\pacman\trunk\project2d\level.cpp(53): warning C4267: 'argument': conversion from 'size_t' to 'int', possible loss of data
c:\users\s191067\desktop\repositories\pacman\trunk\project2d\level.cpp(55): warning C4244: 'argument': conversion from 'int' to 'const float', possible loss of data
c:\users\s191067\desktop\repositories\pacman\trunk\project2d\level.cpp(56): warning C4244: 'argument': conversion from 'int' to 'const float', possible loss of data
c:\users\s191067\desktop\repositories\pacman\trunk\project2d\grid.h(9): warning C4099: 'Node': type name first seen using 'struct' now seen using 'class'
c:\users\s191067\desktop\repositories\pacman\trunk\project2d\pathheap.cpp(19): warning C4267: 'initializing': conversion from 'size_t' to 'int', possible loss of data
c:\users\s191067\desktop\repositories\pacman\trunk\project2d\pathheap.cpp(36): warning C4267: 'initializing': conversion from 'size_t' to 'int', possible loss of data
c:\users\s191067\desktop\repositories\pacman\trunk\project2d\pathheap.cpp(83): warning C4267: 'return': conversion from 'size_t' to 'int', possible loss of data
c:\users\s191067\desktop\repositories\pacman\trunk\project2d\grid.h(9): warning C4099: 'Node': type name first seen using 'struct' now seen using 'class'
c:\users\s191067\desktop\repositories\pacman\trunk\project2d\pacman.cpp(95): warning C4244: 'initializing': conversion from 'float' to 'int', possible loss of data
c:\users\s191067\desktop\repositories\pacman\trunk\project2d\pacman.cpp(96): warning C4244: '=': conversion from 'int' to 'float', possible loss of data
c:\users\s191067\desktop\repositories\pacman\trunk\project2d\pacman.cpp(97): warning C4244: 'initializing': conversion from 'float' to 'int', possible loss of data
c:\users\s191067\desktop\repositories\pacman\trunk\project2d\pacman.cpp(98): warning C4244: '=': conversion from 'int' to 'float', possible loss of data
c:\users\s191067\desktop\repositories\pacman\trunk\project2d\pacman.cpp(102): warning C4244: 'initializing': conversion from 'float' to 'int', possible loss of data
c:\users\s191067\desktop\repositories\pacman\trunk\project2d\pacman.cpp(103): warning C4244: '=': conversion from 'int' to 'float', possible loss of data
c:\users\s191067\desktop\repositories\pacman\trunk\project2d\pacman.cpp(104): warning C4244: 'initializing': conversion from 'float' to 'int', possible loss of data
c:\users\s191067\desktop\repositories\pacman\trunk\project2d\pacman.cpp(105): warning C4244: '=': conversion from 'int' to 'float', possible loss of data
c:\users\s191067\desktop\repositories\pacman\trunk\project2d\pacman.cpp(109): warning C4244: 'initializing': conversion from 'float' to 'int', possible loss of data
c:\users\s191067\desktop\repositories\pacman\trunk\project2d\pacman.cpp(110): warning C4244: '=': conversion from 'int' to 'float', possible loss of data
c:\users\s191067\desktop\repositories\pacman\trunk\project2d\pacman.cpp(111): warning C4244: 'initializing': conversion from 'float' to 'int', possible loss of data
c:\users\s191067\desktop\repositories\pacman\trunk\project2d\pacman.cpp(112): warning C4244: '=': conversion from 'int' to 'float', possible loss of data
c:\users\s191067\desktop\repositories\pacman\trunk\project2d\pacman.cpp(116): warning C4244: 'initializing': conversion from 'float' to 'int', possible loss of data
c:\users\s191067\desktop\repositories\pacman\trunk\project2d\pacman.cpp(117): warning C4244: '=': conversion from 'int' to 'float', possible loss of data
c:\users\s191067\desktop\repositories\pacman\trunk\project2d\pacman.cpp(118): warning C4244: 'initializing': conversion from 'float' to 'int', possible loss of data
c:\users\s191067\desktop\repositories\pacman\trunk\project2d\pacman.cpp(119): warning C4244: '=': conversion from 'int' to 'float', possible loss of data
c:\users\s191067\desktop\repositories\pacman\trunk\project2d\pacman.cpp(123): warning C4244: 'initializing': conversion from 'float' to 'int', possible loss of data
c:\users\s191067\desktop\repositories\pacman\trunk\project2d\pacman.cpp(124): warning C4244: '=': conversion from 'int' to 'float', possible loss of data
c:\users\s191067\desktop\repositories\pacman\trunk\project2d\pacman.cpp(125): warning C4244: 'initializing': conversion from 'float' to 'int', possible loss of data
c:\users\s191067\desktop\repositories\pacman\trunk\project2d\pacman.cpp(126): warning C4244: '=': conversion from 'int' to 'float', possible loss of data
c:\users\s191067\desktop\repositories\pacman\trunk\project2d\pacman.cpp(149): warning C4305: '=': truncation from 'double' to 'float'
c:\users\s191067\desktop\repositories\pacman\trunk\project2d\pacman.cpp(177): warning C4305: '=': truncation from 'double' to 'float'
c:\users\s191067\desktop\repositories\pacman\trunk\project2d\pacman.cpp(235): warning C4305: '=': truncation from 'double' to 'float'
c:\users\s191067\desktop\repositories\pacman\trunk\project2d\grid.h(9): warning C4099: 'Node': type name first seen using 'struct' now seen using 'class'
LINK : warning LNK4098: defaultlib 'MSVCRT' conflicts with use of other libs; use /NODEFAULTLIB:library
